ERROR - 2024-08-01 04:57:56 --> Error connecting to the database: mysqli_sql_exception: Unknown database 'fs2024_ciudadanos' in C:\xampp\htdocs\fs2024\ci4_ciudadanos\system\Database\MySQLi\Connection.php:186
Stack trace:
#0 C:\xampp\htdocs\fs2024\ci4_ciudadanos\system\Database\MySQLi\Connection.php(186): mysqli->real_connect('localhost', 'root', Object(SensitiveParameterValue), 'fs2024_ciudadan...', 3306, '', 0)
#1 C:\xampp\htdocs\fs2024\ci4_ciudadanos\system\Database\BaseConnection.php(421): CodeIgniter\Database\MySQLi\Connection->connect(false)
#2 C:\xampp\htdocs\fs2024\ci4_ciudadanos\system\Database\BaseConnection.php(616): CodeIgniter\Database\BaseConnection->initialize()
#3 C:\xampp\htdocs\fs2024\ci4_ciudadanos\system\Database\BaseBuilder.php(1636): CodeIgniter\Database\BaseConnection->query('SELECT *\nFROM `...', Array, false)
#4 C:\xampp\htdocs\fs2024\ci4_ciudadanos\system\Model.php(286): CodeIgniter\Database\BaseBuilder->get()
#5 C:\xampp\htdocs\fs2024\ci4_ciudadanos\system\BaseModel.php(676): CodeIgniter\Model->doFindAll(0, 0)
#6 C:\xampp\htdocs\fs2024\ci4_ciudadanos\app\Controllers\RegionesController.php(14): CodeIgniter\BaseModel->findAll()
#7 C:\xampp\htdocs\fs2024\ci4_ciudadanos\system\CodeIgniter.php(933): App\Controllers\RegionesController->index()
#8 C:\xampp\htdocs\fs2024\ci4_ciudadanos\system\CodeIgniter.php(509): CodeIgniter\CodeIgniter->runController(Object(App\Controllers\RegionesController))
#9 C:\xampp\htdocs\fs2024\ci4_ciudadanos\system\CodeIgniter.php(355): CodeIgniter\CodeIgniter->handleRequest(NULL, Object(Config\Cache), false)
#10 C:\xampp\htdocs\fs2024\ci4_ciudadanos\system\Boot.php(325): CodeIgniter\CodeIgniter->run()
#11 C:\xampp\htdocs\fs2024\ci4_ciudadanos\system\Boot.php(67): CodeIgniter\Boot::runCodeIgniter(Object(CodeIgniter\CodeIgniter))
#12 C:\xampp\htdocs\fs2024\ci4_ciudadanos\public\index.php(56): CodeIgniter\Boot::bootWeb(Object(Config\Paths))
#13 {main}

Next CodeIgniter\Database\Exceptions\DatabaseException: Unknown database 'fs2024_ciudadanos' in C:\xampp\htdocs\fs2024\ci4_ciudadanos\system\Database\MySQLi\Connection.php:231
Stack trace:
#0 C:\xampp\htdocs\fs2024\ci4_ciudadanos\system\Database\BaseConnection.php(421): CodeIgniter\Database\MySQLi\Connection->connect(false)
#1 C:\xampp\htdocs\fs2024\ci4_ciudadanos\system\Database\BaseConnection.php(616): CodeIgniter\Database\BaseConnection->initialize()
#2 C:\xampp\htdocs\fs2024\ci4_ciudadanos\system\Database\BaseBuilder.php(1636): CodeIgniter\Database\BaseConnection->query('SELECT *\nFROM `...', Array, false)
#3 C:\xampp\htdocs\fs2024\ci4_ciudadanos\system\Model.php(286): CodeIgniter\Database\BaseBuilder->get()
#4 C:\xampp\htdocs\fs2024\ci4_ciudadanos\system\BaseModel.php(676): CodeIgniter\Model->doFindAll(0, 0)
#5 C:\xampp\htdocs\fs2024\ci4_ciudadanos\app\Controllers\RegionesController.php(14): CodeIgniter\BaseModel->findAll()
#6 C:\xampp\htdocs\fs2024\ci4_ciudadanos\system\CodeIgniter.php(933): App\Controllers\RegionesController->index()
#7 C:\xampp\htdocs\fs2024\ci4_ciudadanos\system\CodeIgniter.php(509): CodeIgniter\CodeIgniter->runController(Object(App\Controllers\RegionesController))
#8 C:\xampp\htdocs\fs2024\ci4_ciudadanos\system\CodeIgniter.php(355): CodeIgniter\CodeIgniter->handleRequest(NULL, Object(Config\Cache), false)
#9 C:\xampp\htdocs\fs2024\ci4_ciudadanos\system\Boot.php(325): CodeIgniter\CodeIgniter->run()
#10 C:\xampp\htdocs\fs2024\ci4_ciudadanos\system\Boot.php(67): CodeIgniter\Boot::runCodeIgniter(Object(CodeIgniter\CodeIgniter))
#11 C:\xampp\htdocs\fs2024\ci4_ciudadanos\public\index.php(56): CodeIgniter\Boot::bootWeb(Object(Config\Paths))
#12 {main}
CRITICAL - 2024-08-01 04:57:56 --> CodeIgniter\Database\Exceptions\DatabaseException: Unable to connect to the database.
Main connection [MySQLi]: Unknown database 'fs2024_ciudadanos'
[Method: GET, Route: ver_regiones]
in SYSTEMPATH\Database\BaseConnection.php on line 467.
 1 SYSTEMPATH\Database\BaseConnection.php(616): CodeIgniter\Database\BaseConnection->initialize()
 2 SYSTEMPATH\Database\BaseBuilder.php(1636): CodeIgniter\Database\BaseConnection->query('SELECT *
FROM `regiones`', [], false)
 3 SYSTEMPATH\Model.php(286): CodeIgniter\Database\BaseBuilder->get()
 4 SYSTEMPATH\BaseModel.php(676): CodeIgniter\Model->doFindAll(0, 0)
 5 APPPATH\Controllers\RegionesController.php(14): CodeIgniter\BaseModel->findAll()
 6 SYSTEMPATH\CodeIgniter.php(933): App\Controllers\RegionesController->index()
 7 SYSTEMPATH\CodeIgniter.php(509): CodeIgniter\CodeIgniter->runController(Object(App\Controllers\RegionesController))
 8 SYSTEMPATH\CodeIgniter.php(355): CodeIgniter\CodeIgniter->handleRequest(null, Object(Config\Cache), false)
 9 SYSTEMPATH\Boot.php(325): CodeIgniter\CodeIgniter->run()
10 SYSTEMPATH\Boot.php(67): CodeIgniter\Boot::runCodeIgniter(Object(CodeIgniter\CodeIgniter))
11 FCPATH\index.php(56): CodeIgniter\Boot::bootWeb(Object(Config\Paths))
CRITICAL - 2024-08-01 05:08:49 --> ErrorException: Undefined array key "cod_region"
[Method: POST, Route: modificar_municipio]
in APPPATH\Controllers\MunicipiosController.php on line 56.
 1 APPPATH\Controllers\MunicipiosController.php(56): CodeIgniter\Debug\Exceptions->errorHandler(2, 'Undefined array key "cod_region"', 'C:\\xampp\\htdocs\\fs2024\\ci4_ciudadanos\\app\\Controllers\\MunicipiosController.php', 56)
 2 SYSTEMPATH\CodeIgniter.php(933): App\Controllers\MunicipiosController->modificarMunicipio()
 3 SYSTEMPATH\CodeIgniter.php(509): CodeIgniter\CodeIgniter->runController(Object(App\Controllers\MunicipiosController))
 4 SYSTEMPATH\CodeIgniter.php(355): CodeIgniter\CodeIgniter->handleRequest(null, Object(Config\Cache), false)
 5 SYSTEMPATH\Boot.php(325): CodeIgniter\CodeIgniter->run()
 6 SYSTEMPATH\Boot.php(67): CodeIgniter\Boot::runCodeIgniter(Object(CodeIgniter\CodeIgniter))
 7 FCPATH\index.php(56): CodeIgniter\Boot::bootWeb(Object(Config\Paths))
ERROR - 2024-08-01 05:50:25 --> mysqli_sql_exception: Unknown column 'id' in 'where clause' in C:\xampp\htdocs\fs2024\ci4_ciudadanos\system\Database\MySQLi\Connection.php:312
Stack trace:
#0 C:\xampp\htdocs\fs2024\ci4_ciudadanos\system\Database\MySQLi\Connection.php(312): mysqli->query('DELETE FROM `de...', 0)
#1 C:\xampp\htdocs\fs2024\ci4_ciudadanos\system\Database\BaseConnection.php(734): CodeIgniter\Database\MySQLi\Connection->execute('DELETE FROM `de...')
#2 C:\xampp\htdocs\fs2024\ci4_ciudadanos\system\Database\BaseConnection.php(648): CodeIgniter\Database\BaseConnection->simpleQuery('DELETE FROM `de...')
#3 C:\xampp\htdocs\fs2024\ci4_ciudadanos\system\Database\BaseBuilder.php(2835): CodeIgniter\Database\BaseConnection->query('DELETE FROM `de...', Array, false)
#4 C:\xampp\htdocs\fs2024\ci4_ciudadanos\system\Model.php(521): CodeIgniter\Database\BaseBuilder->delete()
#5 C:\xampp\htdocs\fs2024\ci4_ciudadanos\system\BaseModel.php(1158): CodeIgniter\Model->doDelete(Array, false)
#6 C:\xampp\htdocs\fs2024\ci4_ciudadanos\app\Controllers\DepartamentosController.php(32): CodeIgniter\BaseModel->delete(Array)
#7 C:\xampp\htdocs\fs2024\ci4_ciudadanos\system\CodeIgniter.php(933): App\Controllers\DepartamentosController->eliminarDepartamento('888777')
#8 C:\xampp\htdocs\fs2024\ci4_ciudadanos\system\CodeIgniter.php(509): CodeIgniter\CodeIgniter->runController(Object(App\Controllers\DepartamentosController))
#9 C:\xampp\htdocs\fs2024\ci4_ciudadanos\system\CodeIgniter.php(355): CodeIgniter\CodeIgniter->handleRequest(NULL, Object(Config\Cache), false)
#10 C:\xampp\htdocs\fs2024\ci4_ciudadanos\system\Boot.php(325): CodeIgniter\CodeIgniter->run()
#11 C:\xampp\htdocs\fs2024\ci4_ciudadanos\system\Boot.php(67): CodeIgniter\Boot::runCodeIgniter(Object(CodeIgniter\CodeIgniter))
#12 C:\xampp\htdocs\fs2024\ci4_ciudadanos\public\index.php(56): CodeIgniter\Boot::bootWeb(Object(Config\Paths))
#13 {main}
CRITICAL - 2024-08-01 05:50:25 --> CodeIgniter\Database\Exceptions\DatabaseException: Unknown column 'id' in 'where clause'
[Method: GET, Route: eliminar_departamento/888777]
in SYSTEMPATH\Database\BaseConnection.php on line 688.
 1 SYSTEMPATH\Database\BaseBuilder.php(2835): CodeIgniter\Database\BaseConnection->query('DELETE FROM `departamentos`
WHERE `id` IN :id:', [...], false)
 2 SYSTEMPATH\Model.php(521): CodeIgniter\Database\BaseBuilder->delete()
 3 SYSTEMPATH\BaseModel.php(1158): CodeIgniter\Model->doDelete([...], false)
 4 APPPATH\Controllers\DepartamentosController.php(32): CodeIgniter\BaseModel->delete([...])
 5 SYSTEMPATH\CodeIgniter.php(933): App\Controllers\DepartamentosController->eliminarDepartamento('888777')
 6 SYSTEMPATH\CodeIgniter.php(509): CodeIgniter\CodeIgniter->runController(Object(App\Controllers\DepartamentosController))
 7 SYSTEMPATH\CodeIgniter.php(355): CodeIgniter\CodeIgniter->handleRequest(null, Object(Config\Cache), false)
 8 SYSTEMPATH\Boot.php(325): CodeIgniter\CodeIgniter->run()
 9 SYSTEMPATH\Boot.php(67): CodeIgniter\Boot::runCodeIgniter(Object(CodeIgniter\CodeIgniter))
10 FCPATH\index.php(56): CodeIgniter\Boot::bootWeb(Object(Config\Paths))
CRITICAL - 2024-08-01 05:50:25 --> [Caused by] CodeIgniter\Database\Exceptions\DatabaseException: Unknown column 'id' in 'where clause'
in SYSTEMPATH\Database\MySQLi\Connection.php on line 317.
 1 SYSTEMPATH\Database\BaseConnection.php(734): CodeIgniter\Database\MySQLi\Connection->execute('DELETE FROM `departamentos`
WHERE `id` IN (\'888777\')')
 2 SYSTEMPATH\Database\BaseConnection.php(648): CodeIgniter\Database\BaseConnection->simpleQuery('DELETE FROM `departamentos`
WHERE `id` IN (\'888777\')')
 3 SYSTEMPATH\Database\BaseBuilder.php(2835): CodeIgniter\Database\BaseConnection->query('DELETE FROM `departamentos`
WHERE `id` IN :id:', [...], false)
 4 SYSTEMPATH\Model.php(521): CodeIgniter\Database\BaseBuilder->delete()
 5 SYSTEMPATH\BaseModel.php(1158): CodeIgniter\Model->doDelete([...], false)
 6 APPPATH\Controllers\DepartamentosController.php(32): CodeIgniter\BaseModel->delete([...])
 7 SYSTEMPATH\CodeIgniter.php(933): App\Controllers\DepartamentosController->eliminarDepartamento('888777')
 8 SYSTEMPATH\CodeIgniter.php(509): CodeIgniter\CodeIgniter->runController(Object(App\Controllers\DepartamentosController))
 9 SYSTEMPATH\CodeIgniter.php(355): CodeIgniter\CodeIgniter->handleRequest(null, Object(Config\Cache), false)
10 SYSTEMPATH\Boot.php(325): CodeIgniter\CodeIgniter->run()
11 SYSTEMPATH\Boot.php(67): CodeIgniter\Boot::runCodeIgniter(Object(CodeIgniter\CodeIgniter))
12 FCPATH\index.php(56): CodeIgniter\Boot::bootWeb(Object(Config\Paths))
CRITICAL - 2024-08-01 05:50:25 --> [Caused by] mysqli_sql_exception: Unknown column 'id' in 'where clause'
in SYSTEMPATH\Database\MySQLi\Connection.php on line 312.
 1 SYSTEMPATH\Database\MySQLi\Connection.php(312): mysqli->query('DELETE FROM `departamentos`
WHERE `id` IN (\'888777\')', 0)
 2 SYSTEMPATH\Database\BaseConnection.php(734): CodeIgniter\Database\MySQLi\Connection->execute('DELETE FROM `departamentos`
WHERE `id` IN (\'888777\')')
 3 SYSTEMPATH\Database\BaseConnection.php(648): CodeIgniter\Database\BaseConnection->simpleQuery('DELETE FROM `departamentos`
WHERE `id` IN (\'888777\')')
 4 SYSTEMPATH\Database\BaseBuilder.php(2835): CodeIgniter\Database\BaseConnection->query('DELETE FROM `departamentos`
WHERE `id` IN :id:', [...], false)
 5 SYSTEMPATH\Model.php(521): CodeIgniter\Database\BaseBuilder->delete()
 6 SYSTEMPATH\BaseModel.php(1158): CodeIgniter\Model->doDelete([...], false)
 7 APPPATH\Controllers\DepartamentosController.php(32): CodeIgniter\BaseModel->delete([...])
 8 SYSTEMPATH\CodeIgniter.php(933): App\Controllers\DepartamentosController->eliminarDepartamento('888777')
 9 SYSTEMPATH\CodeIgniter.php(509): CodeIgniter\CodeIgniter->runController(Object(App\Controllers\DepartamentosController))
10 SYSTEMPATH\CodeIgniter.php(355): CodeIgniter\CodeIgniter->handleRequest(null, Object(Config\Cache), false)
11 SYSTEMPATH\Boot.php(325): CodeIgniter\CodeIgniter->run()
12 SYSTEMPATH\Boot.php(67): CodeIgniter\Boot::runCodeIgniter(Object(CodeIgniter\CodeIgniter))
13 FCPATH\index.php(56): CodeIgniter\Boot::bootWeb(Object(Config\Paths))
CRITICAL - 2024-08-01 05:59:23 --> ErrorException: Undefined variable $municipio
[Method: GET, Route: ver_departamentos]
in APPPATH\Views\departamentos.php on line 121.
 1 APPPATH\Views\departamentos.php(121): CodeIgniter\Debug\Exceptions->errorHandler(2, 'Undefined variable $municipio', 'C:\\xampp\\htdocs\\fs2024\\ci4_ciudadanos\\app\\Views\\departamentos.php', 121)
 2 SYSTEMPATH\View\View.php(234): include('C:\\xampp\\htdocs\\fs2024\\ci4_ciudadanos\\app\\Views\\departamentos.php')
 3 SYSTEMPATH\View\View.php(237): CodeIgniter\View\View->CodeIgniter\View\{closure}()
 4 SYSTEMPATH\Common.php(1171): CodeIgniter\View\View->render('departamentos', [], true)
 5 APPPATH\Controllers\DepartamentosController.php(15): view('departamentos', [...])
 6 SYSTEMPATH\CodeIgniter.php(933): App\Controllers\DepartamentosController->index()
 7 SYSTEMPATH\CodeIgniter.php(509): CodeIgniter\CodeIgniter->runController(Object(App\Controllers\DepartamentosController))
 8 SYSTEMPATH\CodeIgniter.php(355): CodeIgniter\CodeIgniter->handleRequest(null, Object(Config\Cache), false)
 9 SYSTEMPATH\Boot.php(325): CodeIgniter\CodeIgniter->run()
10 SYSTEMPATH\Boot.php(67): CodeIgniter\Boot::runCodeIgniter(Object(CodeIgniter\CodeIgniter))
11 FCPATH\index.php(56): CodeIgniter\Boot::bootWeb(Object(Config\Paths))
CRITICAL - 2024-08-01 07:13:42 --> ErrorException: Undefined variable $depto
[Method: GET, Route: ver_ciudadanos]
in APPPATH\Views\ciudadanos.php on line 167.
 1 APPPATH\Views\ciudadanos.php(167): CodeIgniter\Debug\Exceptions->errorHandler(2, 'Undefined variable $depto', 'C:\\xampp\\htdocs\\fs2024\\ci4_ciudadanos\\app\\Views\\ciudadanos.php', 167)
 2 SYSTEMPATH\View\View.php(234): include('C:\\xampp\\htdocs\\fs2024\\ci4_ciudadanos\\app\\Views\\ciudadanos.php')
 3 SYSTEMPATH\View\View.php(237): CodeIgniter\View\View->CodeIgniter\View\{closure}()
 4 SYSTEMPATH\Common.php(1171): CodeIgniter\View\View->render('ciudadanos', [], true)
 5 APPPATH\Controllers\CiudadanosController.php(15): view('ciudadanos', [...])
 6 SYSTEMPATH\CodeIgniter.php(933): App\Controllers\CiudadanosController->index()
 7 SYSTEMPATH\CodeIgniter.php(509): CodeIgniter\CodeIgniter->runController(Object(App\Controllers\CiudadanosController))
 8 SYSTEMPATH\CodeIgniter.php(355): CodeIgniter\CodeIgniter->handleRequest(null, Object(Config\Cache), false)
 9 SYSTEMPATH\Boot.php(325): CodeIgniter\CodeIgniter->run()
10 SYSTEMPATH\Boot.php(67): CodeIgniter\Boot::runCodeIgniter(Object(CodeIgniter\CodeIgniter))
11 FCPATH\index.php(56): CodeIgniter\Boot::bootWeb(Object(Config\Paths))
CRITICAL - 2024-08-01 07:15:16 --> ErrorException: Undefined variable $depto
[Method: GET, Route: ver_ciudadanos]
in APPPATH\Views\ciudadanos.php on line 165.
 1 APPPATH\Views\ciudadanos.php(165): CodeIgniter\Debug\Exceptions->errorHandler(2, 'Undefined variable $depto', 'C:\\xampp\\htdocs\\fs2024\\ci4_ciudadanos\\app\\Views\\ciudadanos.php', 165)
 2 SYSTEMPATH\View\View.php(234): include('C:\\xampp\\htdocs\\fs2024\\ci4_ciudadanos\\app\\Views\\ciudadanos.php')
 3 SYSTEMPATH\View\View.php(237): CodeIgniter\View\View->CodeIgniter\View\{closure}()
 4 SYSTEMPATH\Common.php(1171): CodeIgniter\View\View->render('ciudadanos', [], true)
 5 APPPATH\Controllers\CiudadanosController.php(15): view('ciudadanos', [...])
 6 SYSTEMPATH\CodeIgniter.php(933): App\Controllers\CiudadanosController->index()
 7 SYSTEMPATH\CodeIgniter.php(509): CodeIgniter\CodeIgniter->runController(Object(App\Controllers\CiudadanosController))
 8 SYSTEMPATH\CodeIgniter.php(355): CodeIgniter\CodeIgniter->handleRequest(null, Object(Config\Cache), false)
 9 SYSTEMPATH\Boot.php(325): CodeIgniter\CodeIgniter->run()
10 SYSTEMPATH\Boot.php(67): CodeIgniter\Boot::runCodeIgniter(Object(CodeIgniter\CodeIgniter))
11 FCPATH\index.php(56): CodeIgniter\Boot::bootWeb(Object(Config\Paths))
